<?xml version="1.0" encoding="UTF-8"?>
<testsuite xmlns:xsi="http://www.w3.org/2001/XMLSchema-instance" xsi:noNamespaceSchemaLocation="https://maven.apache.org/surefire/maven-surefire-plugin/xsd/surefire-test-report-3.0.xsd" version="3.0" name="com.cui.maven.Person.PersonTest" time="0.001" tests="1" errors="0" skipped="0" failures="0">
  <properties>
    <property name="sun.desktop" value="windows"/>
    <property name="awt.toolkit" value="sun.awt.windows.WToolkit"/>
    <property name="file.encoding.pkg" value="sun.io"/>
    <property name="java.specification.version" value="1.8"/>
    <property name="sun.cpu.isalist" value="amd64"/>
    <property name="sun.jnu.encoding" value="GBK"/>
    <property name="java.class.path" value="D:\app\idea\maven\maven-project\study\target\test-classes;D:\app\idea\maven\maven-project\study\target\classes;D:\app\idea\maven\maven-repo\junit\junit\4.13.2\junit-4.13.2.jar;D:\app\idea\maven\maven-repo\org\hamcrest\hamcrest-core\1.3\hamcrest-core-1.3.jar;"/>
    <property name="java.vm.vendor" value="Oracle Corporation"/>
    <property name="sun.arch.data.model" value="64"/>
    <property name="user.variant" value=""/>
    <property name="java.vendor.url" value="http://java.oracle.com/"/>
    <property name="user.timezone" value="Asia/Shanghai"/>
    <property name="java.vm.specification.version" value="1.8"/>
    <property name="os.name" value="Windows 10"/>
    <property name="user.country" value="CN"/>
    <property name="sun.java.launcher" value="SUN_STANDARD"/>
    <property name="sun.boot.library.path" value="D:\app\idea\jdk\jdk8\jre\bin"/>
    <property name="sun.java.command" value="C:\Users\13457\AppData\Local\Temp\surefire8672175572861890562\surefirebooter-20230320173947424_3.jar C:\Users\13457\AppData\Local\Temp\surefire8672175572861890562 2023-03-20T17-39-47_283-jvmRun1 surefire-20230320173947424_1tmp surefire_0-20230320173947424_2tmp"/>
    <property name="surefire.test.class.path" value="D:\app\idea\maven\maven-project\study\target\test-classes;D:\app\idea\maven\maven-project\study\target\classes;D:\app\idea\maven\maven-repo\junit\junit\4.13.2\junit-4.13.2.jar;D:\app\idea\maven\maven-repo\org\hamcrest\hamcrest-core\1.3\hamcrest-core-1.3.jar;"/>
    <property name="sun.cpu.endian" value="little"/>
    <property name="user.home" value="C:\Users\13457"/>
    <property name="user.language" value="zh"/>
    <property name="java.specification.vendor" value="Oracle Corporation"/>
    <property name="java.home" value="D:\app\idea\jdk\jdk8\jre"/>
    <property name="basedir" value="D:\app\idea\maven\maven-project\study"/>
    <property name="file.separator" value="\"/>
    <property name="line.separator" value="&#10;"/>
    <property name="java.vm.specification.vendor" value="Oracle Corporation"/>
    <property name="java.specification.name" value="Java Platform API Specification"/>
    <property name="java.awt.graphicsenv" value="sun.awt.Win32GraphicsEnvironment"/>
    <property name="surefire.real.class.path" value="C:\Users\13457\AppData\Local\Temp\surefire8672175572861890562\surefirebooter-20230320173947424_3.jar"/>
    <property name="sun.boot.class.path" value="D:\app\idea\jdk\jdk8\jre\lib\resources.jar;D:\app\idea\jdk\jdk8\jre\lib\rt.jar;D:\app\idea\jdk\jdk8\jre\lib\sunrsasign.jar;D:\app\idea\jdk\jdk8\jre\lib\jsse.jar;D:\app\idea\jdk\jdk8\jre\lib\jce.jar;D:\app\idea\jdk\jdk8\jre\lib\charsets.jar;D:\app\idea\jdk\jdk8\jre\lib\jfr.jar;D:\app\idea\jdk\jdk8\jre\classes"/>
    <property name="user.script" value=""/>
    <property name="sun.management.compiler" value="HotSpot 64-Bit Tiered Compilers"/>
    <property name="java.runtime.version" value="1.8.0_151-b12"/>
    <property name="user.name" value="13457"/>
    <property name="path.separator" value=";"/>
    <property name="os.version" value="10.0"/>
    <property name="java.endorsed.dirs" value="D:\app\idea\jdk\jdk8\jre\lib\endorsed"/>
    <property name="java.runtime.name" value="Java(TM) SE Runtime Environment"/>
    <property name="file.encoding" value="GBK"/>
    <property name="java.vm.name" value="Java HotSpot(TM) 64-Bit Server VM"/>
    <property name="localRepository" value="D:\app\idea\maven\maven-repo"/>
    <property name="java.vendor.url.bug" value="http://bugreport.sun.com/bugreport/"/>
    <property name="java.io.tmpdir" value="C:\Users\13457\AppData\Local\Temp\"/>
    <property name="idea.version" value="2022.3.2"/>
    <property name="java.version" value="1.8.0_151"/>
    <property name="user.dir" value="D:\app\idea\maven\maven-project\study"/>
    <property name="os.arch" value="amd64"/>
    <property name="java.vm.specification.name" value="Java Virtual Machine Specification"/>
    <property name="java.awt.printerjob" value="sun.awt.windows.WPrinterJob"/>
    <property name="sun.os.patch.level" value=""/>
    <property name="java.library.path" value="D:\app\idea\jdk\jdk8\jre\bin;C:\windows\Sun\Java\bin;C:\windows\system32;C:\windows;C:\Windows\System64;D:\app\idea\jdk\jdk8\bin;D:\app\idea\jdk\jdk8\jre\bin;C:\Program Files\Common Files\Oracle\Java\javapath;C:\ProgramData\Oracle\Java\javapath;D:\app\vMware\bin\;C:\windows\system32;C:\windows;C:\windows\System32\Wbem;C:\windows\System32\WindowsPowerShell\v1.0\;C:\windows\System32\OpenSSH\;D:\app\anaconda\anaconda\envs\pytorch\Scripts;D:\app\idea\maven\apache-maven-3.9.1-bin\apache-maven-3.9.1\bin;D:\app\idea\apache-tomcat-8.5.31-windows-64位\apache-tomcat-8.5.31\bin;C:\Users\13457\AppData\Local\Microsoft\WindowsApps;;D:\app\idea\IntelliJ IDEA 2022.3.2\bin;;D:\app\pycharm\pycharm\PyCharm 2022.3.2\bin;;."/>
    <property name="java.vm.info" value="mixed mode"/>
    <property name="java.vendor" value="Oracle Corporation"/>
    <property name="java.vm.version" value="25.151-b12"/>
    <property name="java.ext.dirs" value="D:\app\idea\jdk\jdk8\jre\lib\ext;C:\windows\Sun\Java\lib\ext"/>
    <property name="sun.io.unicode.encoding" value="UnicodeLittle"/>
    <property name="java.class.version" value="52.0"/>
  </properties>
  <testcase name="test" classname="com.cui.maven.Person.PersonTest" time="0.001">
    <system-out><![CDATA[111
]]></system-out>
  </testcase>
</testsuite>